This is pdfTeX, Version 3.141592653-2.6-1.40.24 (MiKTeX 22.7) (preloaded format=pdflatex 2022.10.2)  6 NOV 2022 19:17
entering extended mode
 restricted \write18 enabled.
 %&-line parsing enabled.
**./report.tex
(report.tex
LaTeX2e <2022-06-01> patch level 5
L3 programming layer <2022-07-04>
(C:\Users\Keoni\AppData\Local\Programs\MiKTeX\tex/latex/base\article.cls
Document Class: article 2021/10/04 v1.4n Standard LaTeX document class
(C:\Users\Keoni\AppData\Local\Programs\MiKTeX\tex/latex/base\size10.clo
File: size10.clo 2021/10/04 v1.4n Standard LaTeX file (size option)
)
\c@part=\count185
\c@section=\count186
\c@subsection=\count187
\c@subsubsection=\count188
\c@paragraph=\count189
\c@subparagraph=\count190
\c@figure=\count191
\c@table=\count192
\abovecaptionskip=\skip47
\belowcaptionskip=\skip48
\bibindent=\dimen138
)
(C:\Users\Keoni\AppData\Local\Programs\MiKTeX\tex/latex/graphics\graphicx.sty
Package: graphicx 2021/09/16 v1.2d Enhanced LaTeX Graphics (DPC,SPQR)

(C:\Users\Keoni\AppData\Local\Programs\MiKTeX\tex/latex/graphics\keyval.sty
Package: keyval 2022/05/29 v1.15 key=value parser (DPC)
\KV@toks@=\toks16
)
(C:\Users\Keoni\AppData\Local\Programs\MiKTeX\tex/latex/graphics\graphics.sty
Package: graphics 2022/03/10 v1.4e Standard LaTeX Graphics (DPC,SPQR)

(C:\Users\Keoni\AppData\Local\Programs\MiKTeX\tex/latex/graphics\trig.sty
Package: trig 2021/08/11 v1.11 sin cos tan (DPC)
)
(C:\Users\Keoni\AppData\Local\Programs\MiKTeX\tex/latex/graphics-cfg\graphics.c
fg
File: graphics.cfg 2016/06/04 v1.11 sample graphics configuration
)
Package graphics Info: Driver file: pdftex.def on input line 107.

(C:\Users\Keoni\AppData\Local\Programs\MiKTeX\tex/latex/graphics-def\pdftex.def
File: pdftex.def 2020/10/05 v1.2a Graphics/color driver for pdftex
))
\Gin@req@height=\dimen139
\Gin@req@width=\dimen140
) (C:\Users\Keoni\AppData\Local\Programs\MiKTeX\tex/latex/amscls\amsthm.sty
Package: amsthm 2020/05/29 v2.20.6
\thm@style=\toks17
\thm@bodyfont=\toks18
\thm@headfont=\toks19
\thm@notefont=\toks20
\thm@headpunct=\toks21
\thm@preskip=\skip49
\thm@postskip=\skip50
\thm@headsep=\skip51
\dth@everypar=\toks22
)
(C:\Users\Keoni\AppData\Local\Programs\MiKTeX\tex/latex/amsfonts\amsfonts.sty
Package: amsfonts 2013/01/14 v3.01 Basic AMSFonts support
\@emptytoks=\toks23
\symAMSa=\mathgroup4
\symAMSb=\mathgroup5
LaTeX Font Info:    Redeclaring math symbol \hbar on input line 98.
LaTeX Font Info:    Overwriting math alphabet `\mathfrak' in version `bold'
(Font)                  U/euf/m/n --> U/euf/b/n on input line 106.
)
(C:\Users\Keoni\AppData\Local\Programs\MiKTeX\tex/latex/amsmath\amsmath.sty
Package: amsmath 2022/04/08 v2.17n AMS math features
\@mathmargin=\skip52

For additional information on amsmath, use the `?' option.
(C:\Users\Keoni\AppData\Local\Programs\MiKTeX\tex/latex/amsmath\amstext.sty
Package: amstext 2021/08/26 v2.01 AMS text

(C:\Users\Keoni\AppData\Local\Programs\MiKTeX\tex/latex/amsmath\amsgen.sty
File: amsgen.sty 1999/11/30 v2.0 generic functions
\@emptytoks=\toks24
\ex@=\dimen141
))
(C:\Users\Keoni\AppData\Local\Programs\MiKTeX\tex/latex/amsmath\amsbsy.sty
Package: amsbsy 1999/11/29 v1.2d Bold Symbols
\pmbraise@=\dimen142
)
(C:\Users\Keoni\AppData\Local\Programs\MiKTeX\tex/latex/amsmath\amsopn.sty
Package: amsopn 2022/04/08 v2.04 operator names
)
\inf@bad=\count193
LaTeX Info: Redefining \frac on input line 234.
\uproot@=\count194
\leftroot@=\count195
LaTeX Info: Redefining \overline on input line 399.
LaTeX Info: Redefining \colon on input line 410.
\classnum@=\count196
\DOTSCASE@=\count197
LaTeX Info: Redefining \ldots on input line 496.
LaTeX Info: Redefining \dots on input line 499.
LaTeX Info: Redefining \cdots on input line 620.
\Mathstrutbox@=\box51
\strutbox@=\box52
LaTeX Info: Redefining \big on input line 722.
LaTeX Info: Redefining \Big on input line 723.
LaTeX Info: Redefining \bigg on input line 724.
LaTeX Info: Redefining \Bigg on input line 725.
\big@size=\dimen143
LaTeX Font Info:    Redeclaring font encoding OML on input line 743.
LaTeX Font Info:    Redeclaring font encoding OMS on input line 744.
\macc@depth=\count198
LaTeX Info: Redefining \bmod on input line 905.
LaTeX Info: Redefining \pmod on input line 910.
LaTeX Info: Redefining \smash on input line 940.
LaTeX Info: Redefining \relbar on input line 970.
LaTeX Info: Redefining \Relbar on input line 971.
\c@MaxMatrixCols=\count199
\dotsspace@=\muskip16
\c@parentequation=\count266
\dspbrk@lvl=\count267
\tag@help=\toks25
\row@=\count268
\column@=\count269
\maxfields@=\count270
\andhelp@=\toks26
\eqnshift@=\dimen144
\alignsep@=\dimen145
\tagshift@=\dimen146
\tagwidth@=\dimen147
\totwidth@=\dimen148
\lineht@=\dimen149
\@envbody=\toks27
\multlinegap=\skip53
\multlinetaggap=\skip54
\mathdisplay@stack=\toks28
LaTeX Info: Redefining \[ on input line 2953.
LaTeX Info: Redefining \] on input line 2954.
)
(C:\Users\Keoni\AppData\Local\Programs\MiKTeX\tex/latex/amsfonts\amssymb.sty
Package: amssymb 2013/01/14 v3.01 AMS font symbols
)
(C:\Users\Keoni\AppData\Local\Programs\MiKTeX\tex/latex/preprint\fullpage.sty
Package: fullpage 1999/02/23 1.1 (PWD)
\FP@margin=\skip55
)
(C:\Users\Keoni\AppData\Local\Programs\MiKTeX\tex/latex/graphics\color.sty
Package: color 2022/01/06 v1.3d Standard LaTeX Color (DPC)

(C:\Users\Keoni\AppData\Local\Programs\MiKTeX\tex/latex/graphics-cfg\color.cfg
File: color.cfg 2016/01/02 v1.6 sample color configuration
)
Package color Info: Driver file: pdftex.def on input line 149.

(C:\Users\Keoni\AppData\Local\Programs\MiKTeX\tex/latex-dev/graphics\mathcolor.
ltx))
(C:\Users\Keoni\AppData\Local\Programs\MiKTeX\tex/latex/hyperref\hyperref.sty
Package: hyperref 2022-06-20 v7.00s Hypertext links for LaTeX

(C:\Users\Keoni\AppData\Local\Programs\MiKTeX\tex/generic/ltxcmds\ltxcmds.sty
Package: ltxcmds 2020-05-10 v1.25 LaTeX kernel commands for general use (HO)
)
(C:\Users\Keoni\AppData\Local\Programs\MiKTeX\tex/generic/iftex\iftex.sty
Package: iftex 2022/02/03 v1.0f TeX engine tests
)
(C:\Users\Keoni\AppData\Local\Programs\MiKTeX\tex/generic/pdftexcmds\pdftexcmds
.sty
Package: pdftexcmds 2020-06-27 v0.33 Utility functions of pdfTeX for LuaTeX (HO
)

(C:\Users\Keoni\AppData\Local\Programs\MiKTeX\tex/generic/infwarerr\infwarerr.s
ty
Package: infwarerr 2019/12/03 v1.5 Providing info/warning/error messages (HO)
)
Package pdftexcmds Info: \pdf@primitive is available.
Package pdftexcmds Info: \pdf@ifprimitive is available.
Package pdftexcmds Info: \pdfdraftmode found.
)
(C:\Users\Keoni\AppData\Local\Programs\MiKTeX\tex/generic/kvsetkeys\kvsetkeys.s
ty
Package: kvsetkeys 2019/12/15 v1.18 Key value parser (HO)
)
(C:\Users\Keoni\AppData\Local\Programs\MiKTeX\tex/generic/kvdefinekeys\kvdefine
keys.sty
Package: kvdefinekeys 2019-12-19 v1.6 Define keys (HO)
)
(C:\Users\Keoni\AppData\Local\Programs\MiKTeX\tex/generic/pdfescape\pdfescape.s
ty
Package: pdfescape 2019/12/09 v1.15 Implements pdfTeX's escape features (HO)
) (C:\Users\Keoni\AppData\Local\Programs\MiKTeX\tex/latex/hycolor\hycolor.sty
Package: hycolor 2020-01-27 v1.10 Color options for hyperref/bookmark (HO)
)
(C:\Users\Keoni\AppData\Local\Programs\MiKTeX\tex/latex/letltxmacro\letltxmacro
.sty
Package: letltxmacro 2019/12/03 v1.6 Let assignment for LaTeX macros (HO)
)
(C:\Users\Keoni\AppData\Local\Programs\MiKTeX\tex/latex/auxhook\auxhook.sty
Package: auxhook 2019-12-17 v1.6 Hooks for auxiliary files (HO)
)
(C:\Users\Keoni\AppData\Local\Programs\MiKTeX\tex/latex/hyperref\nameref.sty
Package: nameref 2022-05-17 v2.50 Cross-referencing by name of section

(C:\Users\Keoni\AppData\Local\Programs\MiKTeX\tex/latex/refcount\refcount.sty
Package: refcount 2019/12/15 v3.6 Data extraction from label references (HO)
)
(C:\Users\Keoni\AppData\Local\Programs\MiKTeX\tex/generic/gettitlestring\gettit
lestring.sty
Package: gettitlestring 2019/12/15 v1.6 Cleanup title references (HO)

(C:\Users\Keoni\AppData\Local\Programs\MiKTeX\tex/latex/kvoptions\kvoptions.sty
Package: kvoptions 2022-06-15 v3.15 Key value format for package options (HO)
))
\c@section@level=\count271
)
\@linkdim=\dimen150
\Hy@linkcounter=\count272
\Hy@pagecounter=\count273
 (C:\Users\Keoni\AppData\Local\Programs\MiKTeX\tex/latex/hyperref\pd1enc.def
File: pd1enc.def 2022-06-20 v7.00s Hyperref: PDFDocEncoding definition (HO)
Now handling font encoding PD1 ...
... no UTF-8 mapping file for font encoding PD1
) (C:\Users\Keoni\AppData\Local\Programs\MiKTeX\tex/generic/intcalc\intcalc.sty
Package: intcalc 2019/12/15 v1.3 Expandable calculations with integers (HO)
)
(C:\Users\Keoni\AppData\Local\Programs\MiKTeX\tex/generic/etexcmds\etexcmds.sty
Package: etexcmds 2019/12/15 v1.7 Avoid name clashes with e-TeX commands (HO)
)
\Hy@SavedSpaceFactor=\count274
 (C:\Users\Keoni\AppData\Local\Programs\MiKTeX\tex/latex/hyperref\puenc.def
File: puenc.def 2022-06-20 v7.00s Hyperref: PDF Unicode definition (HO)
Now handling font encoding PU ...
... no UTF-8 mapping file for font encoding PU
)
Package hyperref Info: Hyper figures OFF on input line 4162.
Package hyperref Info: Link nesting OFF on input line 4167.
Package hyperref Info: Hyper index ON on input line 4170.
Package hyperref Info: Plain pages OFF on input line 4177.
Package hyperref Info: Backreferencing OFF on input line 4182.
Package hyperref Info: Implicit mode ON; LaTeX internals redefined.
Package hyperref Info: Bookmarks ON on input line 4408.
\c@Hy@tempcnt=\count275

(C:\Users\Keoni\AppData\Local\Programs\MiKTeX\tex/latex/url\url.sty
\Urlmuskip=\muskip17
Package: url 2013/09/16  ver 3.4  Verb mode for urls, etc.
)
LaTeX Info: Redefining \url on input line 4746.
\XeTeXLinkMargin=\dimen151

(C:\Users\Keoni\AppData\Local\Programs\MiKTeX\tex/generic/bitset\bitset.sty
Package: bitset 2019/12/09 v1.3 Handle bit-vector datatype (HO)

(C:\Users\Keoni\AppData\Local\Programs\MiKTeX\tex/generic/bigintcalc\bigintcalc
.sty
Package: bigintcalc 2019/12/15 v1.5 Expandable calculations on big integers (HO
)
))
\Fld@menulength=\count276
\Field@Width=\dimen152
\Fld@charsize=\dimen153
Package hyperref Info: Hyper figures OFF on input line 6024.
Package hyperref Info: Link nesting OFF on input line 6029.
Package hyperref Info: Hyper index ON on input line 6032.
Package hyperref Info: backreferencing OFF on input line 6039.
Package hyperref Info: Link coloring OFF on input line 6044.
Package hyperref Info: Link coloring with OCG OFF on input line 6049.
Package hyperref Info: PDF/A mode OFF on input line 6054.

(C:\Users\Keoni\AppData\Local\Programs\MiKTeX\tex/latex/base\atbegshi-ltx.sty
Package: atbegshi-ltx 2021/01/10 v1.0c Emulation of the original atbegshi
package with kernel methods
)
\Hy@abspage=\count277
\c@Item=\count278
\c@Hfootnote=\count279
)
Package hyperref Info: Driver (autodetected): hpdftex.
(C:\Users\Keoni\AppData\Local\Programs\MiKTeX\tex/latex/hyperref\hpdftex.def
File: hpdftex.def 2022-06-20 v7.00s Hyperref driver for pdfTeX

(C:\Users\Keoni\AppData\Local\Programs\MiKTeX\tex/latex/base\atveryend-ltx.sty
Package: atveryend-ltx 2020/08/19 v1.0a Emulation of the original atveryend pac
kage
with kernel methods
)
\Fld@listcount=\count280
\c@bookmark@seq@number=\count281

(C:\Users\Keoni\AppData\Local\Programs\MiKTeX\tex/latex/rerunfilecheck\rerunfil
echeck.sty
Package: rerunfilecheck 2022-07-10 v1.10 Rerun checks for auxiliary files (HO)

(C:\Users\Keoni\AppData\Local\Programs\MiKTeX\tex/generic/uniquecounter\uniquec
ounter.sty
Package: uniquecounter 2019/12/15 v1.4 Provide unlimited unique counter (HO)
)
Package uniquecounter Info: New unique counter `rerunfilecheck' on input line 2
85.
)
\Hy@SectionHShift=\skip56
)
Package hyperref Info: Option `colorlinks' set `true' on input line 18.

(C:\Users\Keoni\AppData\Local\Programs\MiKTeX\tex/latex/listings\listings.sty
\lst@mode=\count282
\lst@gtempboxa=\box53
\lst@token=\toks29
\lst@length=\count283
\lst@currlwidth=\dimen154
\lst@column=\count284
\lst@pos=\count285
\lst@lostspace=\dimen155
\lst@width=\dimen156
\lst@newlines=\count286
\lst@lineno=\count287
\lst@maxwidth=\dimen157

(C:\Users\Keoni\AppData\Local\Programs\MiKTeX\tex/latex/listings\lstmisc.sty
File: lstmisc.sty 2020/03/24 1.8d (Carsten Heinz)
\c@lstnumber=\count288
\lst@skipnumbers=\count289
\lst@framebox=\box54
)
(C:\Users\Keoni\AppData\Local\Programs\MiKTeX\tex/latex/listings\listings.cfg
File: listings.cfg 2020/03/24 1.8d listings configuration
))
Package: listings 2020/03/24 1.8d (Carsten Heinz)
(C:\Users\Keoni\AppData\Local\Programs\MiKTeX\tex/latex/listings\lstlang1.sty
File: lstlang1.sty 2020/03/24 1.8d listings language file
)
(C:\Users\Keoni\AppData\Local\Programs\MiKTeX\tex/latex/listings\lstlang2.sty
File: lstlang2.sty 2020/03/24 1.8d listings language file
)

Package amsthm Warning: Unknown theoremstyle `theorem' on input line 43.

\c@theorem=\count290

(C:\Users\Keoni\AppData\Local\Programs\MiKTeX\tex/latex/l3backend\l3backend-pdf
tex.def
File: l3backend-pdftex.def 2022-07-01 L3 backend support: PDF output (pdfTeX)
\l__color_backend_stack_int=\count291
\l__pdf_internal_box=\box55
) (report.aux)
\openout1 = `report.aux'.

LaTeX Font Info:    Checking defaults for OML/cmm/m/it on input line 60.
LaTeX Font Info:    ... okay on input line 60.
LaTeX Font Info:    Checking defaults for OMS/cmsy/m/n on input line 60.
LaTeX Font Info:    ... okay on input line 60.
LaTeX Font Info:    Checking defaults for OT1/cmr/m/n on input line 60.
LaTeX Font Info:    ... okay on input line 60.
LaTeX Font Info:    Checking defaults for T1/cmr/m/n on input line 60.
LaTeX Font Info:    ... okay on input line 60.
LaTeX Font Info:    Checking defaults for TS1/cmr/m/n on input line 60.
LaTeX Font Info:    ... okay on input line 60.
LaTeX Font Info:    Checking defaults for OMX/cmex/m/n on input line 60.
LaTeX Font Info:    ... okay on input line 60.
LaTeX Font Info:    Checking defaults for U/cmr/m/n on input line 60.
LaTeX Font Info:    ... okay on input line 60.
LaTeX Font Info:    Checking defaults for PD1/pdf/m/n on input line 60.
LaTeX Font Info:    ... okay on input line 60.
LaTeX Font Info:    Checking defaults for PU/pdf/m/n on input line 60.
LaTeX Font Info:    ... okay on input line 60.

(C:\Users\Keoni\AppData\Local\Programs\MiKTeX\tex/context/base/mkii\supp-pdf.mk
ii
[Loading MPS to PDF converter (version 2006.09.02).]
\scratchcounter=\count292
\scratchdimen=\dimen158
\scratchbox=\box56
\nofMPsegments=\count293
\nofMParguments=\count294
\everyMPshowfont=\toks30
\MPscratchCnt=\count295
\MPscratchDim=\dimen159
\MPnumerator=\count296
\makeMPintoPDFobject=\count297
\everyMPtoPDFconversion=\toks31
)
(C:\Users\Keoni\AppData\Local\Programs\MiKTeX\tex/latex/epstopdf-pkg\epstopdf-b
ase.sty
Package: epstopdf-base 2020-01-24 v2.11 Base part for package epstopdf
Package epstopdf-base Info: Redefining graphics rule for `.eps' on input line 4
85.

(C:\Users\Keoni\AppData\Local\Programs\MiKTeX\tex/latex/00miktex\epstopdf-sys.c
fg
File: epstopdf-sys.cfg 2021/03/18 v2.0 Configuration of epstopdf for MiKTeX
))
Package hyperref Info: Link coloring ON on input line 60.
 (report.out) (report.out)
\@outlinefile=\write3
\openout3 = `report.out'.

\c@lstlisting=\count298
LaTeX Font Info:    Trying to load font information for U+msa on input line 63.


(C:\Users\Keoni\AppData\Local\Programs\MiKTeX\tex/latex/amsfonts\umsa.fd
File: umsa.fd 2013/01/14 v3.01 AMS symbols A
)
LaTeX Font Info:    Trying to load font information for U+msb on input line 63.


(C:\Users\Keoni\AppData\Local\Programs\MiKTeX\tex/latex/amsfonts\umsb.fd
File: umsb.fd 2013/01/14 v3.01 AMS symbols B
)
(report.toc)
\tf@toc=\write4
\openout4 = `report.toc'.

 [1

{C:/Users/Keoni/AppData/Local/MiKTeX/fonts/map/pdftex/pdftex.map}] [2] [3] [4] 
[5] [6] [7] [8] [9]
Overfull \hbox (139.23967pt too wide) in paragraph at lines 543--543
[]\OT1/cmtt/m/n/10 (((\x. (\x2. ((\f2.\x2. f2 (f2 (f2 x2))) x) (((\f2.\x2. f2 (
f2 (f2 x2))) x) (((\f2.\x2. f2 (f2 (f2 x2))) x) x2))))))[] 
 []


Overfull \hbox (91.99008pt too wide) in paragraph at lines 543--543
[]\OT1/cmtt/m/n/10 (((\x. (\x2. ((\x2. x (x (x x2)))) (((\f2.\x2. f2 (f2 (f2 x2
))) x) (((\f2.\x2. f2 (f2 (f2 x2))) x) x2))))))[] 
 []


Overfull \hbox (39.49054pt too wide) in paragraph at lines 543--543
[]\OT1/cmtt/m/n/10 (((\x. (\x2. (x (x (x (((\f2.\x2. f2 (f2 (f2 x2))) x))))) ((
(\f2.\x2. f2 (f2 (f2 x2))) x) x2)))))[] 
 []

[10]
Overfull \hbox (28.99063pt too wide) in paragraph at lines 614--614
[]\OT1/cmtt/m/n/10 evalCBN (subst i (\x(\y.x))) y z = evalCBN (EApp (subst i (\
x(\y.x)) y) (subst i (\x(\y.x)) x))[] 
 []

[11]
Overfull \hbox (49.99045pt too wide) in paragraph at lines 614--614
[]\OT1/cmtt/m/n/10 evalCBN (EApp (subst i (\x(\y.x)) y) (subst i (\x(\y.x)) x))
 = evalCBN (EApp (\x(\y.x)) (\x(\y.x)))[] 
 []

<./images//ARS1.jpg, id=151, 744.53156pt x 963.6pt>
File: ./images//ARS1.jpg Graphic file (type jpg)
<use ./images//ARS1.jpg>
Package pdftex.def Info: ./images//ARS1.jpg  used on input line 618.
(pdftex.def)             Requested size: 372.26486pt x 481.79883pt.
<./images//ARS2.jpg, id=152, 744.53156pt x 963.6pt>
File: ./images//ARS2.jpg Graphic file (type jpg)
<use ./images//ARS2.jpg>
Package pdftex.def Info: ./images//ARS2.jpg  used on input line 620.
(pdftex.def)             Requested size: 372.26486pt x 481.79883pt.
[12 <./images//ARS1.jpg>]
Overfull \hbox (427.98715pt too wide) in paragraph at lines 631--631
[]\OT1/cmtt/m/n/10 1. The ARS does not terminate because the rewrite rules ba -
> ab and ab -> ba allow for an infinite loop that doesn't terminate. There is n
o measure function for this ARS.[] 
 []


Overfull \hbox (669.48505pt too wide) in paragraph at lines 631--631
[]\OT1/cmtt/m/n/10 3.We are unable to change this ARS to have unique normal for
ms while maintaining the same equivalence relations because the relation onf ba
 -> ab and ab -> ba remaining in the ARS do not allow for unique normal forms.[
] 
 []


Overfull \hbox (2155.22209pt too wide) in paragraph at lines 631--631
[]\OT1/cmtt/m/n/10 4. The normal forms here mean that two of the same character
 are rewritten to just one of the characters and two different characters are r
ewritten in reverse order. This function could be used for taking the square ro
ot of numbers. This is because the square root of two numbers that are the same
 is just the number before they are multiplied together, and the square root of
 two different numbers multiplied together equals the square root of those two 
numbers multiplied together in reverse order.[] 
 []

[13 <./images//ARS2.jpg>]
Overfull \hbox (7.99081pt too wide) in paragraph at lines 682--682
[]\OT1/cmtt/m/n/10 1. Get a grasp on HTML by creating a general portfolio websi
te. The website should include:[] 
 []


Overfull \hbox (191.73921pt too wide) in paragraph at lines 682--682
[]\OT1/cmtt/m/n/10 - A landing page with links to the pages described above as 
well as contact information and hyperlinks to LinkedIn and GitHub.[] 
 []


Overfull \hbox (128.73976pt too wide) in paragraph at lines 682--682
[]\OT1/cmtt/m/n/10 4. Finish the project by creating a tutorial page that can e
ducate others on how to use HTML, CSS, and JavaScript.[] 
 []


Overfull \hbox (658.98514pt too wide) in paragraph at lines 682--682
[]\OT1/cmtt/m/n/10 This ARS is not confluent because of the only one-step compu
tations that compute to the same element (aa -> b and cc -> b, ac -> empty word
, bb -> empty word), none of the elements they compute to lead back to them.[] 

 []

[14] [15] (report.aux)
Package rerunfilecheck Info: File `report.out' has not changed.
(rerunfilecheck)             Checksum: CC39FA85564B3E1CCA10726E810D9E05;1773.
 ) 
Here is how much of TeX's memory you used:
 11043 strings out of 478338
 172173 string characters out of 2836700
 663838 words of memory out of 3000000
 29283 multiletter control sequences out of 15000+600000
 477897 words of font info for 62 fonts, out of 8000000 for 9000
 1141 hyphenation exceptions out of 8191
 72i,6n,77p,798b,584s stack positions out of 10000i,1000n,20000p,200000b,80000s
<C:/Users/Keoni/AppData/Local/Programs/MiKTeX/fonts/type1/public/amsfonts/cm/
cmbx10.pfb><C:/Users/Keoni/AppData/Local/Programs/MiKTeX/fonts/type1/public/ams
fonts/cm/cmbx12.pfb><C:/Users/Keoni/AppData/Local/Programs/MiKTeX/fonts/type1/p
ublic/amsfonts/cm/cmbx9.pfb><C:/Users/Keoni/AppData/Local/Programs/MiKTeX/fonts
/type1/public/amsfonts/cm/cmmi10.pfb><C:/Users/Keoni/AppData/Local/Programs/MiK
TeX/fonts/type1/public/amsfonts/cm/cmmi7.pfb><C:/Users/Keoni/AppData/Local/Prog
rams/MiKTeX/fonts/type1/public/amsfonts/cm/cmr10.pfb><C:/Users/Keoni/AppData/Lo
cal/Programs/MiKTeX/fonts/type1/public/amsfonts/cm/cmr12.pfb><C:/Users/Keoni/Ap
pData/Local/Programs/MiKTeX/fonts/type1/public/amsfonts/cm/cmr17.pfb><C:/Users/
Keoni/AppData/Local/Programs/MiKTeX/fonts/type1/public/amsfonts/cm/cmr9.pfb><C:
/Users/Keoni/AppData/Local/Programs/MiKTeX/fonts/type1/public/amsfonts/cm/cmsy1
0.pfb><C:/Users/Keoni/AppData/Local/Programs/MiKTeX/fonts/type1/public/amsfonts
/cm/cmtt10.pfb>
Output written on report.pdf (15 pages, 518561 bytes).
PDF statistics:
 231 PDF objects out of 1000 (max. 8388607)
 37 named destinations out of 1000 (max. 500000)
 155 words of extra memory for PDF output out of 10000 (max. 10000000)

